#
# There is insufficient memory for the Java Runtime Environment to continue.
# Native memory allocation (malloc) failed to allocate 430512 bytes for Chunk::new
# Possible reasons:
#   The system is out of physical RAM or swap space
#   The process is running with CompressedOops enabled, and the Java Heap may be blocking the growth of the native heap
# Possible solutions:
#   Reduce memory load on the system
#   Increase physical memory or swap space
#   Check if swap backing store is full
#   Decrease Java heap size (-Xmx/-Xms)
#   Decrease number of Java threads
#   Decrease Java thread stack sizes (-Xss)
#   Set larger code cache with -XX:ReservedCodeCacheSize=
#   JVM is running with Unscaled Compressed Oops mode in which the Java heap is
#     placed in the first 4GB address space. The Java Heap base address is the
#     maximum limit for the native heap growth. Please use -XX:HeapBaseMinAddress
#     to set the Java Heap base and to place the Java Heap above 4GB virtual address.
# This output file may be truncated or incomplete.
#
#  Out of Memory Error (arena.cpp:191), pid=2720, tid=4568
#
# JRE version: OpenJDK Runtime Environment Temurin-17.0.10+7 (17.0.10+7) (build 17.0.10+7)
# Java VM: OpenJDK 64-Bit Server VM Temurin-17.0.10+7 (17.0.10+7, mixed mode, tiered, compressed oops, compressed class ptrs, parallel gc, windows-amd64)
# No core dump will be written. Minidumps are not enabled by default on client versions of Windows
#

---------------  S U M M A R Y ------------

Command Line: --add-modules=ALL-SYSTEM --add-opens=java.base/java.util=ALL-UNNAMED --add-opens=java.base/java.lang=ALL-UNNAMED --add-opens=java.base/sun.nio.fs=ALL-UNNAMED -Declipse.application=org.eclipse.jdt.ls.core.id1 -Dosgi.bundles.defaultStartLevel=4 -Declipse.product=org.eclipse.jdt.ls.core.product -Djava.import.generatesMetadataFilesAtProjectRoot=false -DDetectVMInstallationsJob.disabled=true -Dfile.encoding=utf8 -XX:+UseParallelGC -XX:GCTimeRatio=4 -XX:AdaptiveSizePolicyWeight=90 -Dsun.zip.disableMemoryMapping=true -Xmx1G -Xms100m -Xlog:disable -javaagent:c:\Users\User\.vscode\extensions\redhat.java-1.29.0-win32-x64\lombok\lombok-1.18.32.jar c:\Users\User\.vscode\extensions\redhat.java-1.29.0-win32-x64\server\plugins\org.eclipse.equinox.launcher_1.6.800.v20240304-1850.jar -configuration c:\Users\User\AppData\Roaming\Code\User\globalStorage\redhat.java\1.29.0\config_ss_win -data c:\Users\User\AppData\Roaming\Code\User\workspaceStorage\2420e8ef54ebc865bbc410534796b9f6\redhat.java\ss_ws --stdio

Host: 11th Gen Intel(R) Core(TM) i5-1155G7 @ 2.50GHz, 8 cores, 7G,  Windows 11 , 64 bit Build 22621 (10.0.22621.3374)
Time: Mon Apr 22 19:50:32 2024 SE Asia Standard Time elapsed time: 6.048428 seconds (0d 0h 0m 6s)

---------------  T H R E A D  ---------------

Current thread (0x0000018e415b8e10):  JavaThread "C2 CompilerThread0" daemon [_thread_in_native, id=4568, stack(0x00000018cea00000,0x00000018ceb00000)]


Current CompileTask:
C2:   6048 1073       4       java.io.DataInputStream::readUTF (501 bytes)

Stack: [0x00000018cea00000,0x00000018ceb00000]
Native frames: (J=compiled Java code, j=interpreted, Vv=VM code, C=native code)
V  [jvm.dll+0x67d2c9]
V  [jvm.dll+0x834afa]
V  [jvm.dll+0x8365be]
V  [jvm.dll+0x836c23]
V  [jvm.dll+0x2477ff]
V  [jvm.dll+0xac514]
V  [jvm.dll+0xacb5c]
V  [jvm.dll+0x3667d7]
V  [jvm.dll+0x330bfa]
V  [jvm.dll+0x33009a]
V  [jvm.dll+0x219ef1]
V  [jvm.dll+0x219311]
V  [jvm.dll+0x1a502d]
V  [jvm.dll+0x2290de]
V  [jvm.dll+0x2272ac]
V  [jvm.dll+0x7e9bb7]
V  [jvm.dll+0x7e3fba]
V  [jvm.dll+0x67c1b5]
C  [ucrtbase.dll+0x29333]
C  [KERNEL32.DLL+0x1257d]
C  [ntdll.dll+0x5aa48]


---------------  P R O C E S S  ---------------

Threads class SMR info:
_java_thread_list=0x0000018e4191e080, length=12, elements={
0x0000018e264ee2c0, 0x0000018e3c2cbe00, 0x0000018e3c2ccf70, 0x0000018e415b0320,
0x0000018e415b0df0, 0x0000018e415b2060, 0x0000018e415b6da0, 0x0000018e415b8e10,
0x0000018e415b9b80, 0x0000018e415bdd40, 0x0000018e26550590, 0x0000018e4190c990
}

Java Threads: ( => current thread )
  0x0000018e264ee2c0 JavaThread "main" [_thread_in_native, id=13096, stack(0x00000018ce100000,0x00000018ce200000)]
  0x0000018e3c2cbe00 JavaThread "Reference Handler" daemon [_thread_blocked, id=19812, stack(0x00000018ce400000,0x00000018ce500000)]
  0x0000018e3c2ccf70 JavaThread "Finalizer" daemon [_thread_blocked, id=2240, stack(0x00000018ce500000,0x00000018ce600000)]
  0x0000018e415b0320 JavaThread "Signal Dispatcher" daemon [_thread_blocked, id=22620, stack(0x00000018ce600000,0x00000018ce700000)]
  0x0000018e415b0df0 JavaThread "Attach Listener" daemon [_thread_blocked, id=20200, stack(0x00000018ce700000,0x00000018ce800000)]
  0x0000018e415b2060 JavaThread "Service Thread" daemon [_thread_blocked, id=14508, stack(0x00000018ce800000,0x00000018ce900000)]
  0x0000018e415b6da0 JavaThread "Monitor Deflation Thread" daemon [_thread_blocked, id=1820, stack(0x00000018ce900000,0x00000018cea00000)]
=>0x0000018e415b8e10 JavaThread "C2 CompilerThread0" daemon [_thread_in_native, id=4568, stack(0x00000018cea00000,0x00000018ceb00000)]
  0x0000018e415b9b80 JavaThread "C1 CompilerThread0" daemon [_thread_blocked, id=21112, stack(0x00000018ceb00000,0x00000018cec00000)]
  0x0000018e415bdd40 JavaThread "Sweeper thread" daemon [_thread_blocked, id=11048, stack(0x00000018cec00000,0x00000018ced00000)]
  0x0000018e26550590 JavaThread "Common-Cleaner" daemon [_thread_blocked, id=20988, stack(0x00000018ced00000,0x00000018cee00000)]
  0x0000018e4190c990 JavaThread "Notification Thread" daemon [_thread_blocked, id=10556, stack(0x00000018cee00000,0x00000018cef00000)]

Other Threads:
  0x0000018e41570c20 VMThread "VM Thread" [stack: 0x00000018ce300000,0x00000018ce400000] [id=20160]
  0x0000018e4190d820 WatcherThread [stack: 0x00000018cef00000,0x00000018cf000000] [id=3680]
  0x0000018e26502f60 GCTaskThread "GC Thread#0" [stack: 0x00000018ce200000,0x00000018ce300000] [id=22000]
  0x0000018e42a28430 GCTaskThread "GC Thread#1" [stack: 0x00000018cf000000,0x00000018cf100000] [id=11480]
  0x0000018e42a286f0 GCTaskThread "GC Thread#2" [stack: 0x00000018cf100000,0x00000018cf200000] [id=11200]
  0x0000018e42ba7990 GCTaskThread "GC Thread#3" [stack: 0x00000018cf200000,0x00000018cf300000] [id=11964]
  0x0000018e42ba7c50 GCTaskThread "GC Thread#4" [stack: 0x00000018cf300000,0x00000018cf400000] [id=3648]
  0x0000018e428716c0 GCTaskThread "GC Thread#5" [stack: 0x00000018cf400000,0x00000018cf500000] [id=23968]
  0x0000018e42871980 GCTaskThread "GC Thread#6" [stack: 0x00000018cf500000,0x00000018cf600000] [id=18708]

Threads with active compile tasks:
C2 CompilerThread0     6176 1073       4       java.io.DataInputStream::readUTF (501 bytes)

VM state: not at safepoint (normal execution)

VM Mutex/Monitor currently owned by a thread: None

Heap address: 0x00000000c0000000, size: 1024 MB, Compressed Oops mode: 32-bit

CDS archive(s) not mapped
Compressed class space mapped at: 0x0000000100000000-0x0000000140000000, reserved size: 1073741824
Narrow klass base: 0x0000000000000000, Narrow klass shift: 3, Narrow klass range: 0x140000000

GC Precious Log:
 CPUs: 8 total, 8 available
 Memory: 7834M
 Large Page Support: Disabled
 NUMA Support: Disabled
 Compressed Oops: Enabled (32-bit)
 Alignments: Space 512K, Generation 512K, Heap 2M
 Heap Min Capacity: 100M
 Heap Initial Capacity: 100M
 Heap Max Capacity: 1G
 Pre-touch: Disabled
 Parallel Workers: 8

Heap:
 PSYoungGen      total 29696K, used 8103K [0x00000000eab00000, 0x00000000ecc00000, 0x0000000100000000)
  eden space 25600K, 19% used [0x00000000eab00000,0x00000000eafc8590,0x00000000ec400000)
  from space 4096K, 78% used [0x00000000ec400000,0x00000000ec721858,0x00000000ec800000)
  to   space 4096K, 0% used [0x00000000ec800000,0x00000000ec800000,0x00000000ecc00000)
 ParOldGen       total 68608K, used 0K [0x00000000c0000000, 0x00000000c4300000, 0x00000000eab00000)
  object space 68608K, 0% used [0x00000000c0000000,0x00000000c0000000,0x00000000c4300000)
 Metaspace       used 11935K, committed 12032K, reserved 1114112K
  class space    used 1175K, committed 1216K, reserved 1048576K

Card table byte_map: [0x0000018e39b40000,0x0000018e39d50000] _byte_map_base: 0x0000018e39540000

Marking Bits: (ParMarkBitMap*) 0x00007ffe9418d7d0
 Begin Bits: [0x0000018e39eb0000, 0x0000018e3aeb0000)
 End Bits:   [0x0000018e3aeb0000, 0x0000018e3beb0000)

Polling page: 0x0000018e265a0000

Metaspace:

Usage:
  Non-class:     10.51 MB used.
      Class:      1.15 MB used.
       Both:     11.66 MB used.

Virtual space:
  Non-class space:       64.00 MB reserved,      10.56 MB ( 17%) committed,  1 nodes.
      Class space:        1.00 GB reserved,       1.19 MB ( <1%) committed,  1 nodes.
             Both:        1.06 GB reserved,      11.75 MB (  1%) committed. 

Chunk freelists:
   Non-Class:  4.58 MB
       Class:  14.62 MB
        Both:  19.20 MB

MaxMetaspaceSize: unlimited
CompressedClassSpaceSize: 1.00 GB
Initial GC threshold: 21.00 MB
Current GC threshold: 21.00 MB
CDS: off
MetaspaceReclaimPolicy: balanced
 - commit_granule_bytes: 65536.
 - commit_granule_words: 8192.
 - virtual_space_node_default_size: 8388608.
 - enlarge_chunks_in_place: 1.
 - new_chunks_are_fully_committed: 0.
 - uncommit_free_chunks: 1.
 - use_allocation_guard: 0.
 - handle_deallocations: 1.


Internal statistics:

num_allocs_failed_limit: 0.
num_arena_births: 30.
num_arena_deaths: 0.
num_vsnodes_births: 2.
num_vsnodes_deaths: 0.
num_space_committed: 188.
num_space_uncommitted: 0.
num_chunks_returned_to_freelist: 0.
num_chunks_taken_from_freelist: 130.
num_chunk_merges: 0.
num_chunk_splits: 88.
num_chunks_enlarged: 77.
num_inconsistent_stats: 0.

CodeHeap 'non-profiled nmethods': size=120000Kb used=420Kb max_used=420Kb free=119579Kb
 bounds [0x0000018e32430000, 0x0000018e326a0000, 0x0000018e39960000]
CodeHeap 'profiled nmethods': size=120000Kb used=1904Kb max_used=1904Kb free=118095Kb
 bounds [0x0000018e2a960000, 0x0000018e2abd0000, 0x0000018e31e90000]
CodeHeap 'non-nmethods': size=5760Kb used=1156Kb max_used=1171Kb free=4603Kb
 bounds [0x0000018e31e90000, 0x0000018e32100000, 0x0000018e32430000]
 total_blobs=1530 nmethods=1092 adapters=353
 compilation: enabled
              stopped_count=0, restarted_count=0
 full_count=0

Compilation events (20 events):
Event: 5.913 Thread 0x0000018e415b9b80 1087       3       org.eclipse.osgi.container.ModuleDatabase$Persistence::readListValue (97 bytes)
Event: 5.916 Thread 0x0000018e415b9b80 nmethod 1087 0x0000018e2ab33e10 code [0x0000018e2ab340a0, 0x0000018e2ab349c8]
Event: 5.916 Thread 0x0000018e415b9b80 1086       3       java.util.Collections$UnmodifiableMap::<init> (22 bytes)
Event: 5.917 Thread 0x0000018e415b9b80 nmethod 1086 0x0000018e2ab34d90 code [0x0000018e2ab34f40, 0x0000018e2ab351c8]
Event: 5.917 Thread 0x0000018e415b9b80 1076       2       org.eclipse.osgi.container.ModuleDatabase$Persistence::readString (7 bytes)
Event: 5.917 Thread 0x0000018e415b9b80 nmethod 1076 0x0000018e2ab35310 code [0x0000018e2ab354a0, 0x0000018e2ab355a8]
Event: 5.917 Thread 0x0000018e415b9b80 1077       3       org.eclipse.osgi.container.ModuleDatabase$Persistence::readMapValue (111 bytes)
Event: 5.920 Thread 0x0000018e415b9b80 nmethod 1077 0x0000018e2ab35690 code [0x0000018e2ab35940, 0x0000018e2ab362f8]
Event: 5.933 Thread 0x0000018e415b9b80 1089   !   3       java.security.Provider::getService (173 bytes)
Event: 5.938 Thread 0x0000018e415b9b80 nmethod 1089 0x0000018e2ab36690 code [0x0000018e2ab36900, 0x0000018e2ab37608]
Event: 5.938 Thread 0x0000018e415b9b80 1090       3       java.security.Provider$ServiceKey::matches (22 bytes)
Event: 5.938 Thread 0x0000018e415b9b80 nmethod 1090 0x0000018e2ab37a90 code [0x0000018e2ab37c20, 0x0000018e2ab37dd8]
Event: 5.939 Thread 0x0000018e415b9b80 1091       3       sun.net.www.protocol.jar.Handler::parseURL (173 bytes)
Event: 5.944 Thread 0x0000018e415b9b80 nmethod 1091 0x0000018e2ab37e90 code [0x0000018e2ab38140, 0x0000018e2ab38cd8]
Event: 5.944 Thread 0x0000018e415b9b80 1092       3       org.eclipse.osgi.container.ModuleRevisionBuilder::unmodifiableMap (86 bytes)
Event: 5.947 Thread 0x0000018e415b9b80 nmethod 1092 0x0000018e2ab39210 code [0x0000018e2ab394a0, 0x0000018e2ab3a208]
Event: 5.947 Thread 0x0000018e415b9b80 1093       1       org.eclipse.osgi.container.ModuleRevisionBuilder$GenericInfo::getNamespace (5 bytes)
Event: 5.947 Thread 0x0000018e415b9b80 nmethod 1093 0x0000018e32498710 code [0x0000018e324988a0, 0x0000018e32498978]
Event: 5.947 Thread 0x0000018e415b9b80 1094       1       java.util.Collections$EmptyMap::size (2 bytes)
Event: 5.948 Thread 0x0000018e415b9b80 nmethod 1094 0x0000018e32498a10 code [0x0000018e32498ba0, 0x0000018e32498c78]

GC Heap History (2 events):
Event: 4.600 GC heap before
{Heap before GC invocations=1 (full 0):
 PSYoungGen      total 29696K, used 25600K [0x00000000eab00000, 0x00000000ecc00000, 0x0000000100000000)
  eden space 25600K, 100% used [0x00000000eab00000,0x00000000ec400000,0x00000000ec400000)
  from space 4096K, 0% used [0x00000000ec800000,0x00000000ec800000,0x00000000ecc00000)
  to   space 4096K, 0% used [0x00000000ec400000,0x00000000ec400000,0x00000000ec800000)
 ParOldGen       total 68608K, used 0K [0x00000000c0000000, 0x00000000c4300000, 0x00000000eab00000)
  object space 68608K, 0% used [0x00000000c0000000,0x00000000c0000000,0x00000000c4300000)
 Metaspace       used 11021K, committed 11200K, reserved 1114112K
  class space    used 1098K, committed 1216K, reserved 1048576K
}
Event: 4.643 GC heap after
{Heap after GC invocations=1 (full 0):
 PSYoungGen      total 29696K, used 3206K [0x00000000eab00000, 0x00000000ecc00000, 0x0000000100000000)
  eden space 25600K, 0% used [0x00000000eab00000,0x00000000eab00000,0x00000000ec400000)
  from space 4096K, 78% used [0x00000000ec400000,0x00000000ec721858,0x00000000ec800000)
  to   space 4096K, 0% used [0x00000000ec800000,0x00000000ec800000,0x00000000ecc00000)
 ParOldGen       total 68608K, used 0K [0x00000000c0000000, 0x00000000c4300000, 0x00000000eab00000)
  object space 68608K, 0% used [0x00000000c0000000,0x00000000c0000000,0x00000000c4300000)
 Metaspace       used 11021K, committed 11200K, reserved 1114112K
  class space    used 1098K, committed 1216K, reserved 1048576K
}

Dll operation events (8 events):
Event: 0.027 Loaded shared library c:\Users\User\.vscode\extensions\redhat.java-1.29.0-win32-x64\jre\17.0.10-win32-x86_64\bin\java.dll
Event: 0.373 Loaded shared library c:\Users\User\.vscode\extensions\redhat.java-1.29.0-win32-x64\jre\17.0.10-win32-x86_64\bin\zip.dll
Event: 0.385 Loaded shared library C:\Users\User\.vscode\extensions\redhat.java-1.29.0-win32-x64\jre\17.0.10-win32-x86_64\bin\instrument.dll
Event: 0.428 Loaded shared library C:\Users\User\.vscode\extensions\redhat.java-1.29.0-win32-x64\jre\17.0.10-win32-x86_64\bin\net.dll
Event: 0.433 Loaded shared library C:\Users\User\.vscode\extensions\redhat.java-1.29.0-win32-x64\jre\17.0.10-win32-x86_64\bin\nio.dll
Event: 0.453 Loaded shared library C:\Users\User\.vscode\extensions\redhat.java-1.29.0-win32-x64\jre\17.0.10-win32-x86_64\bin\zip.dll
Event: 0.493 Loaded shared library C:\Users\User\.vscode\extensions\redhat.java-1.29.0-win32-x64\jre\17.0.10-win32-x86_64\bin\jimage.dll
Event: 0.671 Loaded shared library c:\Users\User\.vscode\extensions\redhat.java-1.29.0-win32-x64\jre\17.0.10-win32-x86_64\bin\verify.dll

Deoptimization events (20 events):
Event: 3.883 Thread 0x0000018e264ee2c0 Uncommon trap: trap_request=0xffffffde fr.pc=0x0000018e3246ab9c relative=0x000000000000053c
Event: 3.883 Thread 0x0000018e264ee2c0 Uncommon trap: reason=class_check action=maybe_recompile pc=0x0000018e3246ab9c method=java.util.Collections$UnmodifiableCollection$1.<init>(Ljava/util/Collections$UnmodifiableCollection;)V @ 17 c2
Event: 3.883 Thread 0x0000018e264ee2c0 DEOPT PACKING pc=0x0000018e3246ab9c sp=0x00000018ce1fdf80
Event: 3.883 Thread 0x0000018e264ee2c0 DEOPT UNPACKING pc=0x0000018e31ee9ea3 sp=0x00000018ce1fdec8 mode 2
Event: 3.883 Thread 0x0000018e264ee2c0 Uncommon trap: trap_request=0xffffff45 fr.pc=0x0000018e3247b6e0 relative=0x0000000000000240
Event: 3.883 Thread 0x0000018e264ee2c0 Uncommon trap: reason=unstable_if action=reinterpret pc=0x0000018e3247b6e0 method=java.util.HashMap.hash(Ljava/lang/Object;)I @ 1 c2
Event: 3.883 Thread 0x0000018e264ee2c0 DEOPT PACKING pc=0x0000018e3247b6e0 sp=0x00000018ce1fdf30
Event: 3.883 Thread 0x0000018e264ee2c0 DEOPT UNPACKING pc=0x0000018e31ee9ea3 sp=0x00000018ce1fddc8 mode 2
Event: 3.883 Thread 0x0000018e264ee2c0 Uncommon trap: trap_request=0xffffff45 fr.pc=0x0000018e3247d0d4 relative=0x0000000000000234
Event: 3.883 Thread 0x0000018e264ee2c0 Uncommon trap: reason=unstable_if action=reinterpret pc=0x0000018e3247d0d4 method=java.util.HashMap.hash(Ljava/lang/Object;)I @ 1 c2
Event: 3.883 Thread 0x0000018e264ee2c0 DEOPT PACKING pc=0x0000018e3247d0d4 sp=0x00000018ce1fdfd0
Event: 3.883 Thread 0x0000018e264ee2c0 DEOPT UNPACKING pc=0x0000018e31ee9ea3 sp=0x00000018ce1fded8 mode 2
Event: 3.883 Thread 0x0000018e264ee2c0 Uncommon trap: trap_request=0xffffffde fr.pc=0x0000018e3246ab9c relative=0x000000000000053c
Event: 3.883 Thread 0x0000018e264ee2c0 Uncommon trap: reason=class_check action=maybe_recompile pc=0x0000018e3246ab9c method=java.util.Collections$UnmodifiableCollection$1.<init>(Ljava/util/Collections$UnmodifiableCollection;)V @ 17 c2
Event: 3.883 Thread 0x0000018e264ee2c0 DEOPT PACKING pc=0x0000018e3246ab9c sp=0x00000018ce1fdf80
Event: 3.883 Thread 0x0000018e264ee2c0 DEOPT UNPACKING pc=0x0000018e31ee9ea3 sp=0x00000018ce1fdec8 mode 2
Event: 3.883 Thread 0x0000018e264ee2c0 Uncommon trap: trap_request=0xffffff45 fr.pc=0x0000018e32472f14 relative=0x0000000000000094
Event: 3.883 Thread 0x0000018e264ee2c0 Uncommon trap: reason=unstable_if action=reinterpret pc=0x0000018e32472f14 method=java.util.HashMap.hash(Ljava/lang/Object;)I @ 1 c2
Event: 3.883 Thread 0x0000018e264ee2c0 DEOPT PACKING pc=0x0000018e32472f14 sp=0x00000018ce1fde30
Event: 3.883 Thread 0x0000018e264ee2c0 DEOPT UNPACKING pc=0x0000018e31ee9ea3 sp=0x00000018ce1fddc8 mode 2

Classes unloaded (0 events):
No events

Classes redefined (0 events):
No events

Internal exceptions (20 events):
Event: 1.856 Thread 0x0000018e264ee2c0 Exception <a 'java/io/FileNotFoundException'{0x00000000eb86ebe8}> (0x00000000eb86ebe8) 
thrown [s\src\hotspot\share\prims\jni.cpp, line 516]
Event: 1.856 Thread 0x0000018e264ee2c0 Exception <a 'java/io/FileNotFoundException'{0x00000000eb86f8d8}> (0x00000000eb86f8d8) 
thrown [s\src\hotspot\share\prims\jni.cpp, line 516]
Event: 1.857 Thread 0x0000018e264ee2c0 Exception <a 'java/io/FileNotFoundException'{0x00000000eb870598}> (0x00000000eb870598) 
thrown [s\src\hotspot\share\prims\jni.cpp, line 516]
Event: 1.876 Thread 0x0000018e264ee2c0 Implicit null exception at 0x0000018e32453c72 to 0x0000018e324541e8
Event: 1.897 Thread 0x0000018e264ee2c0 Exception <a 'java/io/FileNotFoundException'{0x00000000eb8aae70}> (0x00000000eb8aae70) 
thrown [s\src\hotspot\share\prims\jni.cpp, line 516]
Event: 3.419 Thread 0x0000018e264ee2c0 Exception <a 'java/lang/ClassNotFoundException'{0x00000000ec0b27e8}: sun/net/www/protocol/c/Handler> (0x00000000ec0b27e8) 
thrown [s\src\hotspot\share\classfile\systemDictionary.cpp, line 256]
Event: 3.420 Thread 0x0000018e264ee2c0 Exception <a 'java/lang/ClassNotFoundException'{0x00000000ec0b3ba0}: sun/net/www/protocol/c/Handler> (0x00000000ec0b3ba0) 
thrown [s\src\hotspot\share\classfile\systemDictionary.cpp, line 256]
Event: 3.422 Thread 0x0000018e264ee2c0 Exception <a 'java/lang/ClassNotFoundException'{0x00000000ec0b4d38}: sun/net/www/protocol/c/Handler> (0x00000000ec0b4d38) 
thrown [s\src\hotspot\share\classfile\systemDictionary.cpp, line 256]
Event: 3.538 Thread 0x0000018e264ee2c0 Exception <a 'java/io/FileNotFoundException'{0x00000000ec0d9d78}> (0x00000000ec0d9d78) 
thrown [s\src\hotspot\share\prims\jni.cpp, line 516]
Event: 3.882 Thread 0x0000018e264ee2c0 Implicit null exception at 0x0000018e3248777b to 0x0000018e3248811c
Event: 3.883 Thread 0x0000018e264ee2c0 Implicit null exception at 0x0000018e3247b4ec to 0x0000018e3247b6c8
Event: 3.883 Thread 0x0000018e264ee2c0 Implicit null exception at 0x0000018e3247ceec to 0x0000018e3247d0bc
Event: 3.883 Thread 0x0000018e264ee2c0 Implicit null exception at 0x0000018e32472e8f to 0x0000018e32472f05
Event: 4.382 Thread 0x0000018e264ee2c0 Exception <a 'java/lang/NoSuchMethodError'{0x00000000ec3ad700}: 'int java.lang.invoke.DirectMethodHandle$Holder.invokeStaticInit(java.lang.Object, java.lang.Object, java.lang.Object, java.lang.Object)'> (0x00000000ec3ad700) 
thrown [s\src\hotspot\share\interpreter\linkResolver.cpp, line 759]
Event: 4.400 Thread 0x0000018e264ee2c0 Exception <a 'java/lang/NoSuchMethodError'{0x00000000ec3b7d70}: 'java.lang.Object java.lang.invoke.DirectMethodHandle$Holder.invokeInterface(java.lang.Object, java.lang.Object)'> (0x00000000ec3b7d70) 
thrown [s\src\hotspot\share\interpreter\linkResolver.cpp, line 759]
Event: 4.409 Thread 0x0000018e264ee2c0 Exception <a 'java/lang/IncompatibleClassChangeError'{0x00000000ec3bb568}: Found class java.lang.Object, but interface was expected> (0x00000000ec3bb568) 
thrown [s\src\hotspot\share\interpreter\linkResolver.cpp, line 826]
Event: 4.417 Thread 0x0000018e264ee2c0 Exception <a 'java/lang/NoSuchMethodError'{0x00000000ec3bfa58}: 'void java.lang.invoke.DirectMethodHandle$Holder.invokeStatic(java.lang.Object, java.lang.Object)'> (0x00000000ec3bfa58) 
thrown [s\src\hotspot\share\interpreter\linkResolver.cpp, line 759]
Event: 4.419 Thread 0x0000018e264ee2c0 Exception <a 'java/lang/NoSuchMethodError'{0x00000000ec3c3258}: 'void java.lang.invoke.DirectMethodHandle$Holder.invokeStaticInit(java.lang.Object, java.lang.Object)'> (0x00000000ec3c3258) 
thrown [s\src\hotspot\share\interpreter\linkResolver.cpp, line 759]
Event: 4.424 Thread 0x0000018e264ee2c0 Exception <a 'java/lang/NoSuchMethodError'{0x00000000ec3ca5d8}: 'int java.lang.invoke.DirectMethodHandle$Holder.invokeStaticInit(java.lang.Object, java.lang.Object)'> (0x00000000ec3ca5d8) 
thrown [s\src\hotspot\share\interpreter\linkResolver.cpp, line 759]
Event: 5.140 Thread 0x0000018e264ee2c0 Exception <a 'java/lang/NoSuchMethodError'{0x00000000eabf5418}: 'void java.lang.invoke.DirectMethodHandle$Holder.invokeSpecial(java.lang.Object, java.lang.Object, java.lang.Object)'> (0x00000000eabf5418) 
thrown [s\src\hotspot\share\interpreter\linkResolver.cpp, line 759]

VM Operations (18 events):
Event: 0.317 Executing VM operation: HandshakeAllThreads
Event: 0.317 Executing VM operation: HandshakeAllThreads done
Event: 0.539 Executing VM operation: HandshakeAllThreads
Event: 0.539 Executing VM operation: HandshakeAllThreads done
Event: 1.547 Executing VM operation: Cleanup
Event: 1.581 Executing VM operation: Cleanup done
Event: 1.752 Executing VM operation: HandshakeAllThreads
Event: 1.752 Executing VM operation: HandshakeAllThreads done
Event: 1.816 Executing VM operation: HandshakeAllThreads
Event: 1.816 Executing VM operation: HandshakeAllThreads done
Event: 2.818 Executing VM operation: Cleanup
Event: 2.835 Executing VM operation: Cleanup done
Event: 3.837 Executing VM operation: Cleanup
Event: 3.837 Executing VM operation: Cleanup done
Event: 4.599 Executing VM operation: ParallelGCFailedAllocation
Event: 4.643 Executing VM operation: ParallelGCFailedAllocation done
Event: 5.657 Executing VM operation: Cleanup
Event: 5.746 Executing VM operation: Cleanup done

Events (20 events):
Event: 5.589 loading class java/util/AbstractQueue done
Event: 5.589 loading class java/util/concurrent/SynchronousQueue done
Event: 5.590 loading class java/util/concurrent/SynchronousQueue$TransferStack
Event: 5.603 loading class java/util/concurrent/SynchronousQueue$Transferer
Event: 5.603 loading class java/util/concurrent/SynchronousQueue$Transferer done
Event: 5.603 loading class java/util/concurrent/SynchronousQueue$TransferStack done
Event: 5.603 loading class java/util/concurrent/SynchronousQueue$TransferStack$SNode
Event: 5.603 loading class java/util/concurrent/ForkJoinPool$ManagedBlocker
Event: 5.604 loading class java/util/concurrent/ForkJoinPool$ManagedBlocker done
Event: 5.604 loading class java/util/concurrent/SynchronousQueue$TransferStack$SNode done
Event: 5.610 loading class java/util/concurrent/RejectedExecutionHandler
Event: 5.611 loading class java/util/concurrent/RejectedExecutionHandler done
Event: 5.612 loading class java/util/concurrent/LinkedBlockingQueue
Event: 5.615 loading class java/util/concurrent/LinkedBlockingQueue done
Event: 5.616 loading class java/util/concurrent/LinkedBlockingQueue$Node
Event: 5.616 loading class java/util/concurrent/LinkedBlockingQueue$Node done
Event: 5.768 loading class java/util/concurrent/Semaphore$NonfairSync
Event: 5.768 loading class java/util/concurrent/Semaphore$Sync
Event: 5.768 loading class java/util/concurrent/Semaphore$Sync done
Event: 5.768 loading class java/util/concurrent/Semaphore$NonfairSync done


Dynamic libraries:
0x00007ff69efc0000 - 0x00007ff69efce000 	c:\Users\User\.vscode\extensions\redhat.java-1.29.0-win32-x64\jre\17.0.10-win32-x86_64\bin\java.exe
0x00007fff06b30000 - 0x00007fff06d46000 	C:\windows\SYSTEM32\ntdll.dll
0x00007fff06240000 - 0x00007fff06304000 	C:\windows\System32\KERNEL32.DLL
0x00007fff043f0000 - 0x00007fff04797000 	C:\windows\System32\KERNELBASE.dll
0x00007fff03fc0000 - 0x00007fff040d1000 	C:\windows\System32\ucrtbase.dll
0x00007ffee4630000 - 0x00007ffee464b000 	c:\Users\User\.vscode\extensions\redhat.java-1.29.0-win32-x64\jre\17.0.10-win32-x86_64\bin\VCRUNTIME140.dll
0x00007ffee44e0000 - 0x00007ffee44f7000 	c:\Users\User\.vscode\extensions\redhat.java-1.29.0-win32-x64\jre\17.0.10-win32-x86_64\bin\jli.dll
0x00007fff04ff0000 - 0x00007fff0519e000 	C:\windows\System32\USER32.dll
0x00007fff04180000 - 0x00007fff041a6000 	C:\windows\System32\win32u.dll
0x00007fff06a40000 - 0x00007fff06a69000 	C:\windows\System32\GDI32.dll
0x00007ffee6570000 - 0x00007ffee6803000 	C:\windows\WinSxS\amd64_microsoft.windows.common-controls_6595b64144ccf1df_6.0.22621.3235_none_270f74e173860f98\COMCTL32.dll
0x00007fff041e0000 - 0x00007fff042f9000 	C:\windows\System32\gdi32full.dll
0x00007fff040e0000 - 0x00007fff0417a000 	C:\windows\System32\msvcp_win.dll
0x00007fff04860000 - 0x00007fff04907000 	C:\windows\System32\msvcrt.dll
0x00007fff057f0000 - 0x00007fff05821000 	C:\windows\System32\IMM32.DLL
0x00007ffef95a0000 - 0x00007ffef95ac000 	c:\Users\User\.vscode\extensions\redhat.java-1.29.0-win32-x64\jre\17.0.10-win32-x86_64\bin\vcruntime140_1.dll
0x00007ffeb6a90000 - 0x00007ffeb6b1d000 	c:\Users\User\.vscode\extensions\redhat.java-1.29.0-win32-x64\jre\17.0.10-win32-x86_64\bin\msvcp140.dll
0x00007ffe935f0000 - 0x00007ffe94252000 	c:\Users\User\.vscode\extensions\redhat.java-1.29.0-win32-x64\jre\17.0.10-win32-x86_64\bin\server\jvm.dll
0x00007fff05730000 - 0x00007fff057e2000 	C:\windows\System32\ADVAPI32.dll
0x00007fff05680000 - 0x00007fff05728000 	C:\windows\System32\sechost.dll
0x00007fff041b0000 - 0x00007fff041d8000 	C:\windows\System32\bcrypt.dll
0x00007fff06310000 - 0x00007fff06425000 	C:\windows\System32\RPCRT4.dll
0x00007fff03600000 - 0x00007fff0364d000 	C:\windows\SYSTEM32\POWRPROF.dll
0x00007ffef9670000 - 0x00007ffef967a000 	C:\windows\SYSTEM32\VERSION.dll
0x00007ffef8e70000 - 0x00007ffef8ea4000 	C:\windows\SYSTEM32\WINMM.dll
0x00007ffef7420000 - 0x00007ffef7429000 	C:\windows\SYSTEM32\WSOCK32.dll
0x00007fff06a70000 - 0x00007fff06ae1000 	C:\windows\System32\WS2_32.dll
0x00007fff03480000 - 0x00007fff03493000 	C:\windows\SYSTEM32\UMPDC.dll
0x00007fff02e60000 - 0x00007fff02e78000 	C:\windows\SYSTEM32\kernel.appcore.dll
0x00007ffef73f0000 - 0x00007ffef73fa000 	c:\Users\User\.vscode\extensions\redhat.java-1.29.0-win32-x64\jre\17.0.10-win32-x86_64\bin\jimage.dll
0x00007fff012e0000 - 0x00007fff01513000 	C:\windows\SYSTEM32\DBGHELP.DLL
0x00007fff04af0000 - 0x00007fff04e78000 	C:\windows\System32\combase.dll
0x00007fff04910000 - 0x00007fff049e7000 	C:\windows\System32\OLEAUT32.dll
0x00007ffeddc80000 - 0x00007ffeddcb2000 	C:\windows\SYSTEM32\dbgcore.DLL
0x00007fff04300000 - 0x00007fff04379000 	C:\windows\System32\bcryptPrimitives.dll
0x00007ffef5660000 - 0x00007ffef566e000 	c:\Users\User\.vscode\extensions\redhat.java-1.29.0-win32-x64\jre\17.0.10-win32-x86_64\bin\instrument.dll
0x00007ffee3040000 - 0x00007ffee3065000 	c:\Users\User\.vscode\extensions\redhat.java-1.29.0-win32-x64\jre\17.0.10-win32-x86_64\bin\java.dll
0x00007ffee3e40000 - 0x00007ffee3e58000 	c:\Users\User\.vscode\extensions\redhat.java-1.29.0-win32-x64\jre\17.0.10-win32-x86_64\bin\zip.dll
0x00007fff05830000 - 0x00007fff0608c000 	C:\windows\System32\SHELL32.dll
0x00007fff01d60000 - 0x00007fff02659000 	C:\windows\SYSTEM32\windows.storage.dll
0x00007fff01c20000 - 0x00007fff01d5e000 	C:\windows\SYSTEM32\wintypes.dll
0x00007fff06870000 - 0x00007fff06963000 	C:\windows\System32\SHCORE.dll
0x00007fff051a0000 - 0x00007fff051fe000 	C:\windows\System32\shlwapi.dll
0x00007fff03d80000 - 0x00007fff03da1000 	C:\windows\SYSTEM32\profapi.dll
0x00007ffee30b0000 - 0x00007ffee30c9000 	C:\Users\User\.vscode\extensions\redhat.java-1.29.0-win32-x64\jre\17.0.10-win32-x86_64\bin\net.dll
0x00007ffefad80000 - 0x00007ffefaeb6000 	C:\windows\SYSTEM32\WINHTTP.dll
0x00007fff03370000 - 0x00007fff033d9000 	C:\windows\system32\mswsock.dll
0x00007ffede2c0000 - 0x00007ffede2d6000 	C:\Users\User\.vscode\extensions\redhat.java-1.29.0-win32-x64\jre\17.0.10-win32-x86_64\bin\nio.dll
0x00007ffee8de0000 - 0x00007ffee8df0000 	c:\Users\User\.vscode\extensions\redhat.java-1.29.0-win32-x64\jre\17.0.10-win32-x86_64\bin\verify.dll

dbghelp: loaded successfully - version: 4.0.5 - missing functions: none
symbol engine: initialized successfully - sym options: 0x614 - pdb path: .;c:\Users\User\.vscode\extensions\redhat.java-1.29.0-win32-x64\jre\17.0.10-win32-x86_64\bin;C:\windows\SYSTEM32;C:\windows\WinSxS\amd64_microsoft.windows.common-controls_6595b64144ccf1df_6.0.22621.3235_none_270f74e173860f98;c:\Users\User\.vscode\extensions\redhat.java-1.29.0-win32-x64\jre\17.0.10-win32-x86_64\bin\server

VM Arguments:
jvm_args: --add-modules=ALL-SYSTEM --add-opens=java.base/java.util=ALL-UNNAMED --add-opens=java.base/java.lang=ALL-UNNAMED --add-opens=java.base/sun.nio.fs=ALL-UNNAMED -Declipse.application=org.eclipse.jdt.ls.core.id1 -Dosgi.bundles.defaultStartLevel=4 -Declipse.product=org.eclipse.jdt.ls.core.product -Djava.import.generatesMetadataFilesAtProjectRoot=false -DDetectVMInstallationsJob.disabled=true -Dfile.encoding=utf8 -XX:+UseParallelGC -XX:GCTimeRatio=4 -XX:AdaptiveSizePolicyWeight=90 -Dsun.zip.disableMemoryMapping=true -Xmx1G -Xms100m -Xlog:disable -javaagent:c:\Users\User\.vscode\extensions\redhat.java-1.29.0-win32-x64\lombok\lombok-1.18.32.jar 
java_command: c:\Users\User\.vscode\extensions\redhat.java-1.29.0-win32-x64\server\plugins\org.eclipse.equinox.launcher_1.6.800.v20240304-1850.jar -configuration c:\Users\User\AppData\Roaming\Code\User\globalStorage\redhat.java\1.29.0\config_ss_win -data c:\Users\User\AppData\Roaming\Code\User\workspaceStorage\2420e8ef54ebc865bbc410534796b9f6\redhat.java\ss_ws --stdio
java_class_path (initial): c:\Users\User\.vscode\extensions\redhat.java-1.29.0-win32-x64\server\plugins\org.eclipse.equinox.launcher_1.6.800.v20240304-1850.jar
Launcher Type: SUN_STANDARD

[Global flags]
    uintx AdaptiveSizePolicyWeight                 = 90                                        {product} {command line}
     intx CICompilerCount                          = 4                                         {product} {ergonomic}
    uintx GCTimeRatio                              = 4                                         {product} {command line}
   size_t InitialHeapSize                          = 104857600                                 {product} {command line}
   size_t MaxHeapSize                              = 1073741824                                {product} {command line}
   size_t MaxNewSize                               = 357564416                                 {product} {ergonomic}
   size_t MinHeapDeltaBytes                        = 524288                                    {product} {ergonomic}
   size_t MinHeapSize                              = 104857600                                 {product} {command line}
   size_t NewSize                                  = 34603008                                  {product} {ergonomic}
    uintx NonNMethodCodeHeapSize                   = 5839372                                {pd product} {ergonomic}
    uintx NonProfiledCodeHeapSize                  = 122909434                              {pd product} {ergonomic}
   size_t OldSize                                  = 70254592                                  {product} {ergonomic}
    uintx ProfiledCodeHeapSize                     = 122909434                              {pd product} {ergonomic}
    uintx ReservedCodeCacheSize                    = 251658240                              {pd product} {ergonomic}
     bool SegmentedCodeCache                       = true                                      {product} {ergonomic}
   size_t SoftMaxHeapSize                          = 1073741824                             {manageable} {ergonomic}
     bool UseCompressedClassPointers               = true                           {product lp64_product} {ergonomic}
     bool UseCompressedOops                        = true                           {product lp64_product} {ergonomic}
     bool UseLargePagesIndividualAllocation        = false                                  {pd product} {ergonomic}
     bool UseParallelGC                            = true                                      {product} {command line}

Logging:
Log output configuration:
 #0: stdout all=off uptime,level,tags
 #1: stderr all=off uptime,level,tags

Environment Variables:
PATH=C:\Program Files\Common Files\Oracle\Java\javapath;C:\Program Files\Eclipse Adoptium\jdk-21.0.2.13-hotspot\bin;C:\windows\system32;C:\windows;C:\windows\System32\Wbem;C:\windows\System32\WindowsPowerShell\v1.0\;C:\windows\System32\OpenSSH\;C:\Program Files\Git\cmd;C:\Users\User\AppData\Local\Microsoft\WindowsApps;;C:\Users\User\AppData\Local\Programs\Microsoft VS Code\bin
USERNAME=User
OS=Windows_NT
PROCESSOR_IDENTIFIER=Intel64 Family 6 Model 140 Stepping 2, GenuineIntel
TMP=C:\Users\User\AppData\Local\Temp
TEMP=C:\Users\User\AppData\Local\Temp



Periodic native trim disabled


---------------  S Y S T E M  ---------------

OS:
 Windows 11 , 64 bit Build 22621 (10.0.22621.3374)
OS uptime: 0 days 22:34 hours
Hyper-V role detected

CPU: total 8 (initial active 8) (4 cores per cpu, 2 threads per core) family 6 model 140 stepping 2 microcode 0x34, cx8, cmov, fxsr, ht, mmx, 3dnowpref, sse, sse2, sse3, ssse3, sse4.1, sse4.2, popcnt, lzcnt, tsc, tscinvbit, avx, avx2, aes, erms, clmul, bmi1, bmi2, adx, avx512f, avx512dq, avx512cd, avx512bw, avx512vl, sha, fma, vzeroupper, avx512_vpopcntdq, avx512_vpclmulqdq, avx512_vaes, avx512_vnni, clflush, clflushopt, clwb, avx512_vbmi2, avx512_vbmi, hv
Processor Information for all 8 processors :
  Max Mhz: 2496, Current Mhz: 2496, Mhz Limit: 2496

Memory: 4k page, system-wide physical 7834M (250M free)
TotalPageFile size 11937M (AvailPageFile size 1M)
current process WorkingSet (physical memory assigned to process): 77M, peak: 77M
current process commit charge ("private bytes"): 199M, peak: 199M

vm_info: OpenJDK 64-Bit Server VM (17.0.10+7) for windows-amd64 JRE (17.0.10+7), built on Jan 16 2024 23:25:11 by "admin" with MS VC++ 16.10 / 16.11 (VS2019)

END.
